{"/Users/aliadem/Github api testing/src/server.js": {"path":"/Users/aliadem/Github api testing/src/server.js","statementMap":{"0":{"start":{"line":1,"column":16},"end":{"line":1,"column":34}},"1":{"start":{"line":2,"column":14},"end":{"line":2,"column":30}},"2":{"start":{"line":4,"column":12},"end":{"line":4,"column":21}},"3":{"start":{"line":5,"column":13},"end":{"line":5,"column":17}},"4":{"start":{"line":8,"column":0},"end":{"line":8,"column":24}},"5":{"start":{"line":11,"column":24},"end":{"line":11,"column":48}},"6":{"start":{"line":22,"column":0},"end":{"line":106,"column":3}},"7":{"start":{"line":23,"column":2},"end":{"line":105,"column":3}},"8":{"start":{"line":24,"column":18},"end":{"line":24,"column":47}},"9":{"start":{"line":25,"column":65},"end":{"line":25,"column":73}},"10":{"start":{"line":28,"column":4},"end":{"line":33,"column":5}},"11":{"start":{"line":29,"column":6},"end":{"line":32,"column":9}},"12":{"start":{"line":35,"column":4},"end":{"line":40,"column":5}},"13":{"start":{"line":36,"column":6},"end":{"line":39,"column":9}},"14":{"start":{"line":42,"column":4},"end":{"line":47,"column":5}},"15":{"start":{"line":43,"column":6},"end":{"line":46,"column":9}},"16":{"start":{"line":49,"column":4},"end":{"line":54,"column":5}},"17":{"start":{"line":50,"column":6},"end":{"line":53,"column":9}},"18":{"start":{"line":57,"column":21},"end":{"line":71,"column":5}},"19":{"start":{"line":73,"column":4},"end":{"line":84,"column":7}},"20":{"start":{"line":86,"column":4},"end":{"line":91,"column":5}},"21":{"start":{"line":87,"column":6},"end":{"line":90,"column":9}},"22":{"start":{"line":93,"column":4},"end":{"line":98,"column":5}},"23":{"start":{"line":94,"column":6},"end":{"line":97,"column":9}},"24":{"start":{"line":100,"column":4},"end":{"line":104,"column":7}},"25":{"start":{"line":115,"column":0},"end":{"line":169,"column":3}},"26":{"start":{"line":116,"column":2},"end":{"line":168,"column":3}},"27":{"start":{"line":117,"column":28},"end":{"line":117,"column":38}},"28":{"start":{"line":118,"column":18},"end":{"line":118,"column":47}},"29":{"start":{"line":121,"column":4},"end":{"line":126,"column":5}},"30":{"start":{"line":122,"column":6},"end":{"line":125,"column":9}},"31":{"start":{"line":129,"column":21},"end":{"line":137,"column":5}},"32":{"start":{"line":139,"column":4},"end":{"line":154,"column":7}},"33":{"start":{"line":156,"column":4},"end":{"line":161,"column":5}},"34":{"start":{"line":157,"column":6},"end":{"line":160,"column":9}},"35":{"start":{"line":163,"column":4},"end":{"line":167,"column":7}},"36":{"start":{"line":179,"column":0},"end":{"line":235,"column":3}},"37":{"start":{"line":180,"column":2},"end":{"line":234,"column":3}},"38":{"start":{"line":181,"column":28},"end":{"line":181,"column":38}},"39":{"start":{"line":182,"column":47},"end":{"line":182,"column":56}},"40":{"start":{"line":183,"column":18},"end":{"line":183,"column":47}},"41":{"start":{"line":185,"column":4},"end":{"line":190,"column":5}},"42":{"start":{"line":186,"column":6},"end":{"line":189,"column":9}},"43":{"start":{"line":193,"column":21},"end":{"line":207,"column":5}},"44":{"start":{"line":209,"column":4},"end":{"line":220,"column":7}},"45":{"start":{"line":212,"column":40},"end":{"line":219,"column":7}},"46":{"start":{"line":222,"column":4},"end":{"line":227,"column":5}},"47":{"start":{"line":223,"column":6},"end":{"line":226,"column":9}},"48":{"start":{"line":229,"column":4},"end":{"line":233,"column":7}},"49":{"start":{"line":245,"column":0},"end":{"line":298,"column":3}},"50":{"start":{"line":246,"column":2},"end":{"line":297,"column":3}},"51":{"start":{"line":247,"column":28},"end":{"line":247,"column":38}},"52":{"start":{"line":248,"column":18},"end":{"line":248,"column":47}},"53":{"start":{"line":251,"column":4},"end":{"line":256,"column":5}},"54":{"start":{"line":252,"column":6},"end":{"line":255,"column":9}},"55":{"start":{"line":258,"column":4},"end":{"line":263,"column":5}},"56":{"start":{"line":259,"column":6},"end":{"line":262,"column":9}},"57":{"start":{"line":266,"column":4},"end":{"line":274,"column":6}},"58":{"start":{"line":276,"column":4},"end":{"line":276,"column":27}},"59":{"start":{"line":278,"column":4},"end":{"line":283,"column":5}},"60":{"start":{"line":279,"column":6},"end":{"line":282,"column":9}},"61":{"start":{"line":285,"column":4},"end":{"line":290,"column":5}},"62":{"start":{"line":286,"column":6},"end":{"line":289,"column":9}},"63":{"start":{"line":292,"column":4},"end":{"line":296,"column":7}},"64":{"start":{"line":304,"column":0},"end":{"line":306,"column":3}},"65":{"start":{"line":305,"column":2},"end":{"line":305,"column":41}},"66":{"start":{"line":309,"column":0},"end":{"line":313,"column":1}},"67":{"start":{"line":310,"column":2},"end":{"line":312,"column":5}},"68":{"start":{"line":311,"column":4},"end":{"line":311,"column":84}},"69":{"start":{"line":315,"column":0},"end":{"line":315,"column":21}}},"fnMap":{"0":{"name":"(anonymous_0)","decl":{"start":{"line":22,"column":19},"end":{"line":22,"column":20}},"loc":{"start":{"line":22,"column":39},"end":{"line":106,"column":1}},"line":22},"1":{"name":"(anonymous_1)","decl":{"start":{"line":115,"column":31},"end":{"line":115,"column":32}},"loc":{"start":{"line":115,"column":51},"end":{"line":169,"column":1}},"line":115},"2":{"name":"(anonymous_2)","decl":{"start":{"line":179,"column":38},"end":{"line":179,"column":39}},"loc":{"start":{"line":179,"column":58},"end":{"line":235,"column":1}},"line":179},"3":{"name":"(anonymous_3)","decl":{"start":{"line":212,"column":30},"end":{"line":212,"column":31}},"loc":{"start":{"line":212,"column":40},"end":{"line":219,"column":7}},"line":212},"4":{"name":"(anonymous_4)","decl":{"start":{"line":245,"column":34},"end":{"line":245,"column":35}},"loc":{"start":{"line":245,"column":54},"end":{"line":298,"column":1}},"line":245},"5":{"name":"(anonymous_5)","decl":{"start":{"line":304,"column":19},"end":{"line":304,"column":20}},"loc":{"start":{"line":304,"column":33},"end":{"line":306,"column":1}},"line":304},"6":{"name":"(anonymous_6)","decl":{"start":{"line":310,"column":19},"end":{"line":310,"column":20}},"loc":{"start":{"line":310,"column":25},"end":{"line":312,"column":3}},"line":310}},"branchMap":{"0":{"loc":{"start":{"line":28,"column":4},"end":{"line":33,"column":5}},"type":"if","locations":[{"start":{"line":28,"column":4},"end":{"line":33,"column":5}},{"start":{},"end":{}}],"line":28},"1":{"loc":{"start":{"line":35,"column":4},"end":{"line":40,"column":5}},"type":"if","locations":[{"start":{"line":35,"column":4},"end":{"line":40,"column":5}},{"start":{},"end":{}}],"line":35},"2":{"loc":{"start":{"line":42,"column":4},"end":{"line":47,"column":5}},"type":"if","locations":[{"start":{"line":42,"column":4},"end":{"line":47,"column":5}},{"start":{},"end":{}}],"line":42},"3":{"loc":{"start":{"line":42,"column":8},"end":{"line":42,"column":44}},"type":"binary-expr","locations":[{"start":{"line":42,"column":8},"end":{"line":42,"column":23}},{"start":{"line":42,"column":27},"end":{"line":42,"column":44}}],"line":42},"4":{"loc":{"start":{"line":49,"column":4},"end":{"line":54,"column":5}},"type":"if","locations":[{"start":{"line":49,"column":4},"end":{"line":54,"column":5}},{"start":{},"end":{}}],"line":49},"5":{"loc":{"start":{"line":61,"column":21},"end":{"line":61,"column":38}},"type":"binary-expr","locations":[{"start":{"line":61,"column":21},"end":{"line":61,"column":32}},{"start":{"line":61,"column":36},"end":{"line":61,"column":38}}],"line":61},"6":{"loc":{"start":{"line":62,"column":17},"end":{"line":62,"column":35}},"type":"binary-expr","locations":[{"start":{"line":62,"column":17},"end":{"line":62,"column":26}},{"start":{"line":62,"column":30},"end":{"line":62,"column":35}}],"line":62},"7":{"loc":{"start":{"line":63,"column":19},"end":{"line":63,"column":37}},"type":"binary-expr","locations":[{"start":{"line":63,"column":19},"end":{"line":63,"column":28}},{"start":{"line":63,"column":32},"end":{"line":63,"column":37}}],"line":63},"8":{"loc":{"start":{"line":86,"column":4},"end":{"line":91,"column":5}},"type":"if","locations":[{"start":{"line":86,"column":4},"end":{"line":91,"column":5}},{"start":{},"end":{}}],"line":86},"9":{"loc":{"start":{"line":93,"column":4},"end":{"line":98,"column":5}},"type":"if","locations":[{"start":{"line":93,"column":4},"end":{"line":98,"column":5}},{"start":{},"end":{}}],"line":93},"10":{"loc":{"start":{"line":121,"column":4},"end":{"line":126,"column":5}},"type":"if","locations":[{"start":{"line":121,"column":4},"end":{"line":126,"column":5}},{"start":{},"end":{}}],"line":121},"11":{"loc":{"start":{"line":121,"column":8},"end":{"line":121,"column":23}},"type":"binary-expr","locations":[{"start":{"line":121,"column":8},"end":{"line":121,"column":14}},{"start":{"line":121,"column":18},"end":{"line":121,"column":23}}],"line":121},"12":{"loc":{"start":{"line":131,"column":6},"end":{"line":136,"column":12}},"type":"cond-expr","locations":[{"start":{"line":131,"column":14},"end":{"line":136,"column":7}},{"start":{"line":136,"column":10},"end":{"line":136,"column":12}}],"line":131},"13":{"loc":{"start":{"line":156,"column":4},"end":{"line":161,"column":5}},"type":"if","locations":[{"start":{"line":156,"column":4},"end":{"line":161,"column":5}},{"start":{},"end":{}}],"line":156},"14":{"loc":{"start":{"line":185,"column":4},"end":{"line":190,"column":5}},"type":"if","locations":[{"start":{"line":185,"column":4},"end":{"line":190,"column":5}},{"start":{},"end":{}}],"line":185},"15":{"loc":{"start":{"line":185,"column":8},"end":{"line":185,"column":23}},"type":"binary-expr","locations":[{"start":{"line":185,"column":8},"end":{"line":185,"column":14}},{"start":{"line":185,"column":18},"end":{"line":185,"column":23}}],"line":185},"16":{"loc":{"start":{"line":197,"column":17},"end":{"line":197,"column":32}},"type":"binary-expr","locations":[{"start":{"line":197,"column":17},"end":{"line":197,"column":22}},{"start":{"line":197,"column":26},"end":{"line":197,"column":32}}],"line":197},"17":{"loc":{"start":{"line":198,"column":18},"end":{"line":198,"column":37}},"type":"binary-expr","locations":[{"start":{"line":198,"column":18},"end":{"line":198,"column":24}},{"start":{"line":198,"column":28},"end":{"line":198,"column":37}}],"line":198},"18":{"loc":{"start":{"line":199,"column":16},"end":{"line":199,"column":33}},"type":"binary-expr","locations":[{"start":{"line":199,"column":16},"end":{"line":199,"column":20}},{"start":{"line":199,"column":24},"end":{"line":199,"column":33}}],"line":199},"19":{"loc":{"start":{"line":200,"column":21},"end":{"line":200,"column":40}},"type":"binary-expr","locations":[{"start":{"line":200,"column":21},"end":{"line":200,"column":30}},{"start":{"line":200,"column":34},"end":{"line":200,"column":40}}],"line":200},"20":{"loc":{"start":{"line":202,"column":17},"end":{"line":205,"column":14}},"type":"cond-expr","locations":[{"start":{"line":202,"column":25},"end":{"line":205,"column":9}},{"start":{"line":205,"column":12},"end":{"line":205,"column":14}}],"line":202},"21":{"loc":{"start":{"line":222,"column":4},"end":{"line":227,"column":5}},"type":"if","locations":[{"start":{"line":222,"column":4},"end":{"line":227,"column":5}},{"start":{},"end":{}}],"line":222},"22":{"loc":{"start":{"line":251,"column":4},"end":{"line":256,"column":5}},"type":"if","locations":[{"start":{"line":251,"column":4},"end":{"line":256,"column":5}},{"start":{},"end":{}}],"line":251},"23":{"loc":{"start":{"line":258,"column":4},"end":{"line":263,"column":5}},"type":"if","locations":[{"start":{"line":258,"column":4},"end":{"line":263,"column":5}},{"start":{},"end":{}}],"line":258},"24":{"loc":{"start":{"line":258,"column":8},"end":{"line":258,"column":23}},"type":"binary-expr","locations":[{"start":{"line":258,"column":8},"end":{"line":258,"column":14}},{"start":{"line":258,"column":18},"end":{"line":258,"column":23}}],"line":258},"25":{"loc":{"start":{"line":278,"column":4},"end":{"line":283,"column":5}},"type":"if","locations":[{"start":{"line":278,"column":4},"end":{"line":283,"column":5}},{"start":{},"end":{}}],"line":278},"26":{"loc":{"start":{"line":285,"column":4},"end":{"line":290,"column":5}},"type":"if","locations":[{"start":{"line":285,"column":4},"end":{"line":290,"column":5}},{"start":{},"end":{}}],"line":285},"27":{"loc":{"start":{"line":309,"column":0},"end":{"line":313,"column":1}},"type":"if","locations":[{"start":{"line":309,"column":0},"end":{"line":313,"column":1}},{"start":{},"end":{}}],"line":309}},"s":{"0":1,"1":1,"2":1,"3":1,"4":1,"5":1,"6":1,"7":11,"8":11,"9":11,"10":11,"11":1,"12":10,"13":2,"14":8,"15":1,"16":7,"17":1,"18":6,"19":5,"20":1,"21":1,"22":0,"23":0,"24":0,"25":1,"26":4,"27":4,"28":4,"29":4,"30":0,"31":4,"32":3,"33":1,"34":1,"35":0,"36":1,"37":4,"38":4,"39":4,"40":4,"41":4,"42":0,"43":4,"44":2,"45":2,"46":2,"47":1,"48":1,"49":1,"50":4,"51":4,"52":4,"53":4,"54":1,"55":3,"56":0,"57":3,"58":1,"59":2,"60":1,"61":1,"62":1,"63":0,"64":1,"65":1,"66":1,"67":0,"68":0,"69":1},"f":{"0":11,"1":4,"2":4,"3":2,"4":4,"5":1,"6":0},"b":{"0":[1,10],"1":[2,8],"2":[1,7],"3":[8,8],"4":[1,6],"5":[6,5],"6":[6,5],"7":[6,6],"8":[1,0],"9":[0,0],"10":[0,4],"11":[4,4],"12":[1,3],"13":[1,0],"14":[0,4],"15":[4,4],"16":[4,2],"17":[4,4],"18":[4,3],"19":[4,3],"20":[0,4],"21":[1,1],"22":[1,3],"23":[0,3],"24":[3,3],"25":[1,1],"26":[1,0],"27":[0,1]},"_coverageSchema":"1a1c01bbd47fc00a2c39e90264f33305004495a9","hash":"ca9642bd4752431a1c225e451cb8ca6089eb9782"}
}
