TN:
SF:src/server.js
FN:22,(anonymous_0)
FN:115,(anonymous_1)
FN:179,(anonymous_2)
FN:212,(anonymous_3)
FN:245,(anonymous_4)
FN:304,(anonymous_5)
FN:310,(anonymous_6)
FNF:7
FNH:6
FNDA:11,(anonymous_0)
FNDA:4,(anonymous_1)
FNDA:4,(anonymous_2)
FNDA:2,(anonymous_3)
FNDA:4,(anonymous_4)
FNDA:1,(anonymous_5)
FNDA:0,(anonymous_6)
DA:1,1
DA:2,1
DA:4,1
DA:5,1
DA:8,1
DA:11,1
DA:22,1
DA:23,11
DA:24,11
DA:25,11
DA:28,11
DA:29,1
DA:35,10
DA:36,2
DA:42,8
DA:43,1
DA:49,7
DA:50,1
DA:57,6
DA:73,5
DA:86,1
DA:87,1
DA:93,0
DA:94,0
DA:100,0
DA:115,1
DA:116,4
DA:117,4
DA:118,4
DA:121,4
DA:122,0
DA:129,4
DA:139,3
DA:156,1
DA:157,1
DA:163,0
DA:179,1
DA:180,4
DA:181,4
DA:182,4
DA:183,4
DA:185,4
DA:186,0
DA:193,4
DA:209,2
DA:212,2
DA:222,2
DA:223,1
DA:229,1
DA:245,1
DA:246,4
DA:247,4
DA:248,4
DA:251,4
DA:252,1
DA:258,3
DA:259,0
DA:266,3
DA:276,1
DA:278,2
DA:279,1
DA:285,1
DA:286,1
DA:292,0
DA:304,1
DA:305,1
DA:309,1
DA:310,0
DA:311,0
DA:315,1
LF:70
LH:60
BRDA:28,0,0,1
BRDA:28,0,1,10
BRDA:35,1,0,2
BRDA:35,1,1,8
BRDA:42,2,0,1
BRDA:42,2,1,7
BRDA:42,3,0,8
BRDA:42,3,1,8
BRDA:49,4,0,1
BRDA:49,4,1,6
BRDA:61,5,0,6
BRDA:61,5,1,5
BRDA:62,6,0,6
BRDA:62,6,1,5
BRDA:63,7,0,6
BRDA:63,7,1,6
BRDA:86,8,0,1
BRDA:86,8,1,0
BRDA:93,9,0,0
BRDA:93,9,1,0
BRDA:121,10,0,0
BRDA:121,10,1,4
BRDA:121,11,0,4
BRDA:121,11,1,4
BRDA:131,12,0,1
BRDA:131,12,1,3
BRDA:156,13,0,1
BRDA:156,13,1,0
BRDA:185,14,0,0
BRDA:185,14,1,4
BRDA:185,15,0,4
BRDA:185,15,1,4
BRDA:197,16,0,4
BRDA:197,16,1,2
BRDA:198,17,0,4
BRDA:198,17,1,4
BRDA:199,18,0,4
BRDA:199,18,1,3
BRDA:200,19,0,4
BRDA:200,19,1,3
BRDA:202,20,0,0
BRDA:202,20,1,4
BRDA:222,21,0,1
BRDA:222,21,1,1
BRDA:251,22,0,1
BRDA:251,22,1,3
BRDA:258,23,0,0
BRDA:258,23,1,3
BRDA:258,24,0,3
BRDA:258,24,1,3
BRDA:278,25,0,1
BRDA:278,25,1,1
BRDA:285,26,0,1
BRDA:285,26,1,0
BRDA:309,27,0,0
BRDA:309,27,1,1
BRF:56
BRH:46
end_of_record
